<?xml version="1.0" encoding="UTF-8"?>
<!-- Generated by org.testng.reporters.JUnitReportReporter -->
<testsuite skipped="0" hostname="DESKTOP-ASB5QBL" name="testNG.EmpReg_TC_TestNG" tests="4" failures="0" timestamp="01 Feb 2024 16:03:06 GMT" time="92.780" errors="0">
  <testcase name="orgEmpReg" time="21.870" classname="testNG.EmpReg_TC_TestNG"/>
  <testcase name="orgEmpReg" time="22.240" classname="testNG.EmpReg_TC_TestNG"/>
  <testcase name="orgEmpReg" time="25.925" classname="testNG.EmpReg_TC_TestNG"/>
  <testcase name="orgEmpReg" time="22.745" classname="testNG.EmpReg_TC_TestNG"/>
</testsuite> <!-- testNG.EmpReg_TC_TestNG -->
