<?xml version="1.0" encoding="UTF-8"?>
<!-- Generated by org.testng.reporters.JUnitReportReporter -->
<testsuite skipped="0" hostname="DESKTOP-ASB5QBL" name="testNG.PrimusBank_Login_TC_TestNG" tests="1" failures="0" timestamp="31 Jan 2024 16:06:59 GMT" time="20.873" errors="0">
  <testcase name="Login" time="20.873" classname="testNG.PrimusBank_Login_TC_TestNG"/>
</testsuite> <!-- testNG.PrimusBank_Login_TC_TestNG -->
