<?xml version="1.0" encoding="UTF-8"?>
<!-- Generated by org.testng.reporters.JUnitReportReporter -->
<testsuite skipped="0" hostname="DESKTOP-ASB5QBL" name="testNG.UserReg_TC_TestNG" tests="1" failures="0" timestamp="01 Feb 2024 15:45:39 GMT" time="33.550" errors="0">
  <testcase name="orgEmpReg" time="33.550" classname="testNG.UserReg_TC_TestNG"/>
</testsuite> <!-- testNG.UserReg_TC_TestNG -->
