<?xml version="1.0" encoding="UTF-8"?>
<!-- Generated by org.testng.reporters.JUnitReportReporter -->
<testsuite skipped="0" hostname="DESKTOP-ASB5QBL" name="grid.GridEg" tests="2" failures="0" timestamp="06 Feb 2024 15:50:33 GMT" time="141.621" errors="0">
  <testcase name="grid" time="77.213" classname="grid.GridEg"/>
  <testcase name="grid" time="64.408" classname="grid.GridEg"/>
</testsuite> <!-- grid.GridEg -->
